Removed Pin From Net: NetName=5V0 Pin=C2-2
Removed Pin From Net: NetName=5V0 Pin=C7-2
Removed Pin From Net: NetName=5V0 Pin=D1-2
Removed Pin From Net: NetName=5V0 Pin=D2-2
Removed Pin From Net: NetName=5V0 Pin=D4-2
Removed Pin From Net: NetName=5V0 Pin=P2-2
Removed Pin From Net: NetName=5V0 Pin=P4-1
Removed Pin From Net: NetName=5V0 Pin=U1-3
Removed Pin From Net: NetName=5V0 Pin=U4-14
Change Net Name : Old Net Name=5V0 New Net Name=GND
Added Pin To Net: NetName=5V0 Pin=C2-2
Added Pin To Net: NetName=5V0 Pin=C7-2
Added Pin To Net: NetName=5V0 Pin=D1-2
Added Pin To Net: NetName=5V0 Pin=D2-2
Added Pin To Net: NetName=5V0 Pin=D4-2
Added Pin To Net: NetName=5V0 Pin=P2-2
Added Pin To Net: NetName=5V0 Pin=P4-1
Added Pin To Net: NetName=5V0 Pin=U1-3
Added Pin To Net: NetName=5V0 Pin=U4-14
Added Net: Name=5V0
Added Rule: Name=Schematic Supply Nets
