Removed Pin From Net: NetName=MOSI Pin=U4-2
Removed Pin From Net: NetName=SCK Pin=U4-3
Removed Pin From Net: NetName=RESET Pin=U4-4
Add component: Footprint Not Found VREG_TLV1117LV33DCYR
Add component: Footprint Not Found DPAK229P990X238-4N
Add Pin To Net: Unknown Pin: Pin U1-1
Add Pin To Net: Unknown Pin: Pin U1-2
Add Pin To Net: Unknown Pin: Pin U1-3
Add Pin To Net: Unknown Pin: Pin U1-4
Add Pin To Net: Unknown Pin: Pin U3-1
Add Pin To Net: Unknown Pin: Pin U3-2
Add Pin To Net: Unknown Pin: Pin U3-3
Added Pin To Net: NetName=SCK Pin=U4-2
Added Pin To Net: NetName=RESET Pin=U4-3
Added Pin To Net: NetName=MOSI Pin=U4-4
Change Net Name : Old Net Name=MOSI_5V New Net Name=SCK_5V
Change Net Name : Old Net Name=RESET_5V New Net Name=MOSI_5V
Change Net Name : Old Net Name=SCK_5V New Net Name=RESET_5V
Add Class Member: Failed to add class member : Component U1 TLV1117LV33DCYR
Add Class Member: Failed to add class member : Component U3 VIN->5V0
