Removed Pin From Net: NetName=PE3 Pin=P2-3
Removed Pin From Net: NetName=PE2 Pin=P2-4
Removed Pin From Net: NetName=PE1 Pin=P2-5
Removed Pin From Net: NetName=PE0 Pin=P2-6
Removed Pin From Net: NetName=PD7 Pin=P2-7
Removed Pin From Net: NetName=PD6 Pin=P2-8
Removed Pin From Net: NetName=PD5 Pin=P2-9
Removed Pin From Net: NetName=PD4 Pin=P2-10
Removed Pin From Net: NetName=PD3 Pin=P2-11
Removed Pin From Net: NetName=PD2 Pin=P2-12
Removed Pin From Net: NetName=PC3 Pin=P3-1
Removed Pin From Net: NetName=PC2 Pin=P3-2
Removed Pin From Net: NetName=PC1 Pin=P3-3
Removed Pin From Net: NetName=PC0 Pin=P3-4
Removed Pin From Net: NetName=PB7 Pin=P3-5
Removed Pin From Net: NetName=PB6 Pin=P3-6
Removed Pin From Net: NetName=PB1 Pin=P3-7
Add component: Footprint Not Found VREG_TLV1117LV33DCYR
Add component: Footprint Not Found DPAK229P990X238-4N
Added Pin To Net: NetName=PD6 Pin=P2-3
Added Pin To Net: NetName=PD7 Pin=P2-4
Added Pin To Net: NetName=PE0 Pin=P2-5
Added Pin To Net: NetName=PE1 Pin=P2-6
Added Pin To Net: NetName=PE2 Pin=P2-7
Added Pin To Net: NetName=PE3 Pin=P2-8
Added Pin To Net: NetName=PC0 Pin=P2-9
Added Pin To Net: NetName=PC1 Pin=P2-10
Added Pin To Net: NetName=PC2 Pin=P2-11
Added Pin To Net: NetName=PC3 Pin=P2-12
Add Pin To Net: Unknown Pin: Pin U1-1
Add Pin To Net: Unknown Pin: Pin U1-2
Add Pin To Net: Unknown Pin: Pin U1-3
Add Pin To Net: Unknown Pin: Pin U1-4
Add Pin To Net: Unknown Pin: Pin U3-1
Add Pin To Net: Unknown Pin: Pin U3-2
Add Pin To Net: Unknown Pin: Pin U3-3
Add Class Member: Failed to add class member : Component U1 TLV1117LV33DCYR
Add Class Member: Failed to add class member : Component U3 VIN->5V0
