Removed Pin From Net: NetName=SCK Pin=P3-8
Removed Pin From Net: NetName=MISO Pin=P3-9
Removed Pin From Net: NetName=MOSI Pin=P3-10
Removed Pin From Net: NetName=5V0 Pin=P3-11
Removed Pin From Net: NetName=3V3 Pin=P3-12
Removed Pin From Net: NetName=GND Pin=P3-13
Removed Pin From Net: NetName=GND Pin=P3-14
Add component: Footprint Not Found VREG_TLV1117LV33DCYR
Add component: Footprint Not Found DPAK229P990X238-4N
Added Pin To Net: NetName=SCK Pin=P3-1
Added Pin To Net: NetName=MISO Pin=P3-2
Added Pin To Net: NetName=MOSI Pin=P3-3
Added Pin To Net: NetName=5V0 Pin=P3-4
Added Pin To Net: NetName=3V3 Pin=P3-5
Added Pin To Net: NetName=GND Pin=P3-6
Added Pin To Net: NetName=GND Pin=P3-7
Added Pin To Net: NetName=PB7 Pin=P3-8
Added Pin To Net: NetName=PB6 Pin=P3-9
Added Pin To Net: NetName=PE1 Pin=P3-10
Added Pin To Net: NetName=PE0 Pin=P3-11
Added Pin To Net: NetName=PD4 Pin=P3-12
Added Pin To Net: NetName=PD3 Pin=P3-13
Added Pin To Net: NetName=PD2 Pin=P3-14
Add Pin To Net: Unknown Pin: Pin U1-1
Add Pin To Net: Unknown Pin: Pin U1-2
Add Pin To Net: Unknown Pin: Pin U1-3
Add Pin To Net: Unknown Pin: Pin U1-4
Add Pin To Net: Unknown Pin: Pin U3-1
Add Pin To Net: Unknown Pin: Pin U3-2
Add Pin To Net: Unknown Pin: Pin U3-3
Add Class Member: Failed to add class member : Component U1 TLV1117LV33DCYR
Add Class Member: Failed to add class member : Component U3 VIN->5V0
