Removed Pin From Net: NetName=3V3 Pin=C1-1
Removed Pin From Net: NetName=3V3 Pin=C2-2
Removed Pin From Net: NetName=3V3 Pin=C3-2
Removed Pin From Net: NetName=3V3 Pin=C4-1
Removed Pin From Net: NetName=GND Pin=C4-2
Removed Pin From Net: NetName=GND Pin=C5-1
Removed Pin From Net: NetName=3V3 Pin=C5-2
Removed Pin From Net: NetName=GND Pin=C6-1
Removed Pin From Net: NetName=3V3 Pin=C6-2
Removed Pin From Net: NetName=GND Pin=C7-1
Removed Pin From Net: NetName=3V3 Pin=C7-2
Removed Pin From Net: NetName=GND Pin=C8-1
Removed Pin From Net: NetName=5V0 Pin=C8-2
Removed Pin From Net: NetName=GND Pin=C9-1
Removed Pin From Net: NetName=5V0 Pin=C9-2
Removed Pin From Net: NetName=GND Pin=C10-1
Removed Pin From Net: NetName=3V3 Pin=C10-2
Removed Pin From Net: NetName=3V3 Pin=J1-4
Removed Pin From Net: NetName=GND Pin=J1-6
Removed Pin From Net: NetName=GND Pin=J1-10
Removed Pin From Net: NetName=GND Pin=J1-11
Removed Pin From Net: NetName=GND Pin=J1-12
Removed Pin From Net: NetName=GND Pin=J1-13
Removed Pin From Net: NetName=GND Pin=J1-14
Removed Pin From Net: NetName=GND Pin=MT1-1
Removed Pin From Net: NetName=3V3 Pin=MT1-5
Removed Pin From Net: NetName=GND Pin=MT1-6
Removed Pin From Net: NetName=3V3 Pin=MT1-8
Removed Pin From Net: NetName=3V3 Pin=MT1-12
Removed Pin From Net: NetName=5V0 Pin=P2-1
Removed Pin From Net: NetName=GND Pin=P2-6
Removed Pin From Net: NetName=3V3 Pin=R8-2
Removed Pin From Net: NetName=GND Pin=U2-1
Removed Pin From Net: NetName=3V3 Pin=U2-2
Removed Pin From Net: NetName=GND Pin=U2-5
Removed Pin From Net: NetName=3V3 Pin=U2-6
Removed Pin From Net: NetName=GND Pin=U2-7
Removed Pin From Net: NetName=3V3 Pin=U2-8
Removed Pin From Net: NetName=3V3 Pin=U4-1
Removed Pin From Net: NetName=GND Pin=U4-7
Removed Pin From Net: NetName=5V0 Pin=U4-14
Removed Pin From Net: NetName=GND Pin=U5-1
Removed Pin From Net: NetName=3V3 Pin=U5-2
Removed Pin From Net: NetName=5V0 Pin=U5-3
Removed Pin From Net: NetName=3V3 Pin=U5-4
Change Component Footprint: Designator=C3 Old Footprint=CAPC3216X100X50ML20T25 New Footprint=CAPC3216X110X50LL20T25
Change Component Footprint: Designator=C2 Old Footprint=CAPC3216X180X50LL20T25 New Footprint=CAPC3216X100X50ML20T25
Change Component Footprint: Designator=C4 Old Footprint=FP-C1206C-EB-MFG New Footprint=CAPC3216X110X50LL20T25
Change Footprint: Footprint Not Found VREG_TLV1117LV33DCYR
Change Component Comment : Designator=C3 Old Comment=0.1µF New Comment=1µF
Change Component Comment : Designator=C2 Old Comment=2.2µF New Comment=0.1µF
Change Component Comment : Designator=C4 Old Comment=10nF New Comment=1µF
Change Component Comment : Designator=U3 Old Comment=LMR33610ADDAR New Comment=TLV1117LV33DCYR
Change Component Designator: OldDesignator=C11 NewDesignator=C5
Change Component Designator: OldDesignator=C12 NewDesignator=C6
Change Component Designator: OldDesignator=C13 NewDesignator=C7
Change Component Designator: OldDesignator=C14 NewDesignator=C8
Change Component Designator: OldDesignator=C15 NewDesignator=C9
Change Component Designator: OldDesignator=P1 NewDesignator=P2
Change Component Designator: OldDesignator=R9 NewDesignator=R4
Change Component Designator: OldDesignator=R10 NewDesignator=R5
Change Component Designator: OldDesignator=U1 NewDesignator=U2
Add component: Footprint Not Found 61300611121
Add component: Footprint Not Found SOP65P640X120-14N
Added Pin To Net: NetName=GND Pin=C1-1
Added Pin To Net: NetName=5V0 Pin=C2-2
Added Pin To Net: NetName=5V0 Pin=C3-2
Added Pin To Net: NetName=GND Pin=C4-1
Added Pin To Net: NetName=3V3 Pin=C4-2
Add Pin To Net: Unknown Pin: Pin P1-1
Add Pin To Net: Unknown Pin: Pin P1-6
Add Pin To Net: Unknown Pin: Pin U1-1
Add Pin To Net: Unknown Pin: Pin U1-7
Add Pin To Net: Unknown Pin: Pin U1-14
Added Pin To Net: NetName=GND Pin=U3-1
Added Pin To Net: NetName=3V3 Pin=U3-2
Added Pin To Net: NetName=5V0 Pin=U3-3
Added Pin To Net: NetName=3V3 Pin=U3-4
Change Net Name : Old Net Name=NetP1_2 New Net Name=NetP2_2
Change Net Name : Old Net Name=NetP1_3 New Net Name=NetP2_3
Added Net: Name=NetP1_2
Added Net: Name=NetP1_3
Added Net: Name=NetP1_4
Added Pin To Net: NetName=NetP1_5 Pin=U2-16
Added Net: Name=NetP1_5
Added Pin To Net: NetName=NetR2_1 Pin=R2-1
Added Pin To Net: NetName=NetR2_1 Pin=U2-28
Added Net: Name=NetR2_1
Added Pin To Net: NetName=NetR3_1 Pin=R3-1
Added Pin To Net: NetName=NetR3_1 Pin=U2-27
Added Net: Name=NetR3_1
Added Pin To Net: NetName=NetU1_2 Pin=U2-15
Added Net: Name=NetU1_2
Added Pin To Net: NetName=NetU1_3 Pin=U2-17
Added Net: Name=NetU1_3
Added Net: Name=NetU1_4
Added Net: Name=NetU1_8
Added Member To Class: ClassName=Parts Member=Component C5 2.2µF
Added Member To Class: ClassName=Parts Member=Component C6 10nF
Added Member To Class: ClassName=Parts Member=Component C7 0.1µF
Added Member To Class: ClassName=Parts Member=Component C8 1µF
Added Member To Class: ClassName=Parts Member=Component C9 10µF
Add Class Member: Failed to add class member : Component P1 61300611121
Added Member To Class: ClassName=Main Member=Component P2 61300411121
Added Member To Class: ClassName=Parts Member=Component R4 33O
Added Member To Class: ClassName=Parts Member=Component R5 10kO
Add Class Member: Failed to add class member : Component U1 TXS0104EPWR
Added Member To Class: ClassName=Main Member=Component U2 ATMEGA328PB-AU
