Removed Pin From Net: NetName=PE3 Pin=P2-1
Removed Pin From Net: NetName=PE2 Pin=P2-2
Removed Pin From Net: NetName=PE1 Pin=P2-3
Removed Pin From Net: NetName=PE0 Pin=P2-4
Removed Pin From Net: NetName=PD7 Pin=P2-5
Removed Pin From Net: NetName=PD6 Pin=P2-6
Removed Pin From Net: NetName=PD5 Pin=P2-7
Removed Pin From Net: NetName=PD4 Pin=P2-8
Removed Pin From Net: NetName=PD3 Pin=P2-9
Removed Pin From Net: NetName=PD2 Pin=P2-10
Removed Pin From Net: NetName=SCL Pin=P2-11
Removed Pin From Net: NetName=SDA Pin=P2-12
Removed Pin From Net: NetName=VIN Pin=P2-13
Removed Pin From Net: NetName=GND Pin=P2-14
Add component: Footprint Not Found VREG_TLV1117LV33DCYR
Add component: Footprint Not Found DPAK229P990X238-4N
Added Pin To Net: NetName=VIN Pin=P2-1
Added Pin To Net: NetName=GND Pin=P2-2
Added Pin To Net: NetName=SCL Pin=P2-3
Added Pin To Net: NetName=SDA Pin=P2-4
Added Pin To Net: NetName=PE3 Pin=P2-5
Added Pin To Net: NetName=PE2 Pin=P2-6
Added Pin To Net: NetName=PE1 Pin=P2-7
Added Pin To Net: NetName=PE0 Pin=P2-8
Added Pin To Net: NetName=PD7 Pin=P2-9
Added Pin To Net: NetName=PD6 Pin=P2-10
Added Pin To Net: NetName=PD5 Pin=P2-11
Added Pin To Net: NetName=PD4 Pin=P2-12
Added Pin To Net: NetName=PD3 Pin=P2-13
Added Pin To Net: NetName=PD2 Pin=P2-14
Add Pin To Net: Unknown Pin: Pin U1-1
Add Pin To Net: Unknown Pin: Pin U1-2
Add Pin To Net: Unknown Pin: Pin U1-3
Add Pin To Net: Unknown Pin: Pin U1-4
Add Pin To Net: Unknown Pin: Pin U3-1
Add Pin To Net: Unknown Pin: Pin U3-2
Add Pin To Net: Unknown Pin: Pin U3-3
Add Class Member: Failed to add class member : Component U1 TLV1117LV33DCYR
Add Class Member: Failed to add class member : Component U3 VIN->5V0
